mode: set
github.com/andrersp/go-stock/internal/domain/user/repository_mock.go:26.73,30.2 3 1
github.com/andrersp/go-stock/internal/domain/user/repository_mock.go:33.71,35.2 1 1
github.com/andrersp/go-stock/internal/domain/user/repository_mock.go:38.68,44.2 5 1
github.com/andrersp/go-stock/internal/domain/user/repository_mock.go:47.85,50.2 2 1
github.com/andrersp/go-stock/internal/domain/user/repository_mock.go:53.73,59.2 5 1
github.com/andrersp/go-stock/internal/domain/user/repository_mock.go:62.89,65.2 2 1
github.com/andrersp/go-stock/internal/domain/user/repository_mock.go:68.73,74.2 5 1
github.com/andrersp/go-stock/internal/domain/user/repository_mock.go:77.86,80.2 2 1
github.com/andrersp/go-stock/internal/domain/user/repository_mock.go:83.76,89.2 5 1
github.com/andrersp/go-stock/internal/domain/user/repository_mock.go:92.92,95.2 2 1
github.com/andrersp/go-stock/internal/domain/user/repository_mock.go:98.58,104.2 5 1
github.com/andrersp/go-stock/internal/domain/user/repository_mock.go:107.68,110.2 2 1
github.com/andrersp/go-stock/internal/domain/user/service.go:22.60,26.2 1 1
github.com/andrersp/go-stock/internal/domain/user/service.go:28.62,30.76 1 1
github.com/andrersp/go-stock/internal/domain/user/service.go:30.76,33.3 2 1
github.com/andrersp/go-stock/internal/domain/user/service.go:35.2,35.70 1 1
github.com/andrersp/go-stock/internal/domain/user/service.go:35.70,38.3 2 1
github.com/andrersp/go-stock/internal/domain/user/service.go:40.2,45.18 4 1
github.com/andrersp/go-stock/internal/domain/user/service.go:48.69,52.16 2 1
github.com/andrersp/go-stock/internal/domain/user/service.go:52.16,55.3 2 1
github.com/andrersp/go-stock/internal/domain/user/service.go:57.2,57.18 1 1
github.com/andrersp/go-stock/internal/domain/user/service.go:61.74,65.2 1 1
github.com/andrersp/go-stock/internal/domain/user/service.go:67.68,69.2 1 1
github.com/andrersp/go-stock/internal/domain/user/service.go:71.52,74.2 1 1
github.com/andrersp/go-stock/internal/domain/user/service.go:76.72,80.16 2 1
github.com/andrersp/go-stock/internal/domain/user/service.go:80.16,83.3 2 0
github.com/andrersp/go-stock/internal/domain/user/service.go:85.2,85.81 1 1
github.com/andrersp/go-stock/internal/domain/user/service.go:85.81,88.3 2 0
github.com/andrersp/go-stock/internal/domain/user/service.go:90.2,90.18 1 1
github.com/andrersp/go-stock/internal/domain/user/user.go:29.34,31.2 1 1
github.com/andrersp/go-stock/internal/domain/user/user.go:33.37,35.2 1 1
github.com/andrersp/go-stock/internal/domain/user/user.go:37.37,39.2 1 1
github.com/andrersp/go-stock/internal/domain/user/user.go:41.34,43.2 1 0
github.com/andrersp/go-stock/internal/domain/user/user.go:45.32,47.2 1 1
github.com/andrersp/go-stock/internal/domain/user/user.go:49.51,51.20 2 0
github.com/andrersp/go-stock/internal/domain/user/user.go:51.20,54.3 2 0
github.com/andrersp/go-stock/internal/domain/user/user.go:56.2,57.12 2 0
github.com/andrersp/go-stock/internal/domain/user/user.go:61.45,63.17 2 0
github.com/andrersp/go-stock/internal/domain/user/user.go:63.17,66.3 2 0
github.com/andrersp/go-stock/internal/domain/user/user.go:68.2,68.52 1 0
github.com/andrersp/go-stock/internal/domain/user/user.go:68.52,71.3 2 0
github.com/andrersp/go-stock/internal/domain/user/user.go:73.2,74.12 2 0
github.com/andrersp/go-stock/internal/domain/user/user.go:77.51,78.20 1 1
github.com/andrersp/go-stock/internal/domain/user/user.go:78.20,81.3 2 1
github.com/andrersp/go-stock/internal/domain/user/user.go:82.2,82.23 1 1
github.com/andrersp/go-stock/internal/domain/user/user.go:82.23,85.3 2 1
github.com/andrersp/go-stock/internal/domain/user/user.go:87.2,88.12 2 1
github.com/andrersp/go-stock/internal/domain/user/user.go:91.39,93.2 1 1
github.com/andrersp/go-stock/internal/domain/user/user.go:95.72,100.20 3 1
github.com/andrersp/go-stock/internal/domain/user/user.go:100.20,103.3 2 1
github.com/andrersp/go-stock/internal/domain/user/user.go:105.2,105.17 1 1
github.com/andrersp/go-stock/internal/domain/user/user.go:105.17,108.3 2 1
github.com/andrersp/go-stock/internal/domain/user/user.go:110.2,110.51 1 1
github.com/andrersp/go-stock/internal/domain/user/user.go:110.51,113.3 2 1
github.com/andrersp/go-stock/internal/domain/user/user.go:115.2,115.20 1 1
github.com/andrersp/go-stock/internal/domain/user/user.go:115.20,118.3 2 1
github.com/andrersp/go-stock/internal/domain/user/user.go:119.2,119.23 1 1
github.com/andrersp/go-stock/internal/domain/user/user.go:119.23,122.3 2 1
github.com/andrersp/go-stock/internal/domain/user/user.go:124.2,130.8 1 1
